<?xml version="1.0" encoding="UTF-8"?>
<testng-results ignored="0" total="15" passed="14" failed="1" skipped="0">
  <reporter-output>
  </reporter-output>
  <suite started-at="2024-05-17T23:16:14 IST" name="Test Regression suite" finished-at="2024-05-17T23:16:37 IST" duration-ms="23212">
    <groups>
    </groups>
    <test started-at="2024-05-17T23:16:14 IST" name="Login Page Test" finished-at="2024-05-17T23:16:24 IST" duration-ms="9651">
      <class name="com.qa.opencart.test.LoginpageTest">
        <test-method is-config="true" signature="setup()[pri:0, instance:com.qa.opencart.test.LoginpageTest@5656be13]" started-at="2024-05-17T23:16:14 IST" name="setup" finished-at="2024-05-17T23:16:23 IST" duration-ms="8447" status="PASS">
          <reporter-output>
          </reporter-output>
        </test-method> <!-- setup -->
        <test-method signature="forgotpwdexistTest()[pri:0, instance:com.qa.opencart.test.LoginpageTest@5656be13]" started-at="2024-05-17T23:16:23 IST" name="forgotpwdexistTest" finished-at="2024-05-17T23:16:23 IST" duration-ms="66" status="PASS">
          <reporter-output>
          </reporter-output>
        </test-method> <!-- forgotpwdexistTest -->
        <test-method signature="loginPageTitleTest()[pri:0, instance:com.qa.opencart.test.LoginpageTest@5656be13]" started-at="2024-05-17T23:16:23 IST" name="loginPageTitleTest" finished-at="2024-05-17T23:16:23 IST" duration-ms="17" status="PASS">
          <reporter-output>
          </reporter-output>
        </test-method> <!-- loginPageTitleTest -->
        <test-method signature="loginTest()[pri:0, instance:com.qa.opencart.test.LoginpageTest@5656be13]" started-at="2024-05-17T23:16:23 IST" name="loginTest" finished-at="2024-05-17T23:16:24 IST" duration-ms="812" status="PASS">
          <reporter-output>
          </reporter-output>
        </test-method> <!-- loginTest -->
        <test-method signature="loginURLTest()[pri:0, instance:com.qa.opencart.test.LoginpageTest@5656be13]" started-at="2024-05-17T23:16:24 IST" name="loginURLTest" finished-at="2024-05-17T23:16:24 IST" duration-ms="16" status="FAIL">
          <exception class="java.lang.AssertionError">
            <message>
              <![CDATA[.....URL didn't match expected [https://naveenautomationlabs.com/opencart/index.php?route=account/login] but found [https://naveenautomationlabs.com/opencart/index.php?route=account/account]]]>
            </message>
            <full-stacktrace>
              <![CDATA[java.lang.AssertionError: .....URL didn't match expected [https://naveenautomationlabs.com/opencart/index.php?route=account/login] but found [https://naveenautomationlabs.com/opencart/index.php?route=account/account]
at org.testng.Assert.fail(Assert.java:111)
at org.testng.Assert.failNotEquals(Assert.java:1578)
at org.testng.Assert.assertEqualsImpl(Assert.java:150)
at org.testng.Assert.assertEquals(Assert.java:132)
at org.testng.Assert.assertEquals(Assert.java:656)
at com.qa.opencart.test.LoginpageTest.loginURLTest(LoginpageTest.java:24)
at java.base/jdk.internal.reflect.DirectMethodHandleAccessor.invoke(DirectMethodHandleAccessor.java:103)
at java.base/java.lang.reflect.Method.invoke(Method.java:580)
at org.testng.internal.invokers.MethodInvocationHelper.invokeMethod(MethodInvocationHelper.java:139)
at org.testng.internal.invokers.TestInvoker.invokeMethod(TestInvoker.java:664)
at org.testng.internal.invokers.TestInvoker.invokeTestMethod(TestInvoker.java:228)
at org.testng.internal.invokers.MethodRunner.runInSequence(MethodRunner.java:63)
at org.testng.internal.invokers.TestInvoker$MethodInvocationAgent.invoke(TestInvoker.java:961)
at org.testng.internal.invokers.TestInvoker.invokeTestMethods(TestInvoker.java:201)
at org.testng.internal.invokers.TestMethodWorker.invokeTestMethods(TestMethodWorker.java:148)
at org.testng.internal.invokers.TestMethodWorker.run(TestMethodWorker.java:128)
at java.base/java.util.ArrayList.forEach(ArrayList.java:1596)
at org.testng.TestRunner.privateRun(TestRunner.java:819)
at org.testng.TestRunner.run(TestRunner.java:619)
at org.testng.SuiteRunner.runTest(SuiteRunner.java:443)
at org.testng.SuiteRunner$SuiteWorker.run(SuiteRunner.java:481)
at org.testng.internal.thread.ThreadUtil.lambda$execute$0(ThreadUtil.java:58)
at java.base/java.util.concurrent.FutureTask.run(FutureTask.java:317)
at java.base/java.util.concurrent.ThreadPoolExecutor.runWorker(ThreadPoolExecutor.java:1144)
at java.base/java.util.concurrent.ThreadPoolExecutor$Worker.run(ThreadPoolExecutor.java:642)
at java.base/java.lang.Thread.run(Thread.java:1583)
]]>
            </full-stacktrace>
          </exception> <!-- java.lang.AssertionError -->
          <reporter-output>
          </reporter-output>
        </test-method> <!-- loginURLTest -->
        <test-method is-config="true" signature="tearDown()[pri:0, instance:com.qa.opencart.test.LoginpageTest@5656be13]" started-at="2024-05-17T23:16:24 IST" name="tearDown" finished-at="2024-05-17T23:16:24 IST" duration-ms="230" status="PASS">
          <reporter-output>
          </reporter-output>
        </test-method> <!-- tearDown -->
      </class> <!-- com.qa.opencart.test.LoginpageTest -->
    </test> <!-- Login Page Test -->
    <test started-at="2024-05-17T23:16:14 IST" name="Account Page Test" finished-at="2024-05-17T23:16:26 IST" duration-ms="11699">
      <class name="com.qa.opencart.test.AccountPageTest">
        <test-method is-config="true" signature="setup()[pri:0, instance:com.qa.opencart.test.AccountPageTest@6f03482]" started-at="2024-05-17T23:16:14 IST" name="setup" finished-at="2024-05-17T23:16:23 IST" duration-ms="8447" status="PASS">
          <reporter-output>
          </reporter-output>
        </test-method> <!-- setup -->
        <test-method is-config="true" signature="accountSetup()[pri:0, instance:com.qa.opencart.test.AccountPageTest@6f03482]" started-at="2024-05-17T23:16:23 IST" name="accountSetup" finished-at="2024-05-17T23:16:23 IST" duration-ms="747" status="PASS">
          <reporter-output>
          </reporter-output>
        </test-method> <!-- accountSetup -->
        <test-method signature="getAccountPageTitle()[pri:0, instance:com.qa.opencart.test.AccountPageTest@6f03482]" started-at="2024-05-17T23:16:23 IST" name="getAccountPageTitle" finished-at="2024-05-17T23:16:23 IST" duration-ms="12" status="PASS">
          <reporter-output>
          </reporter-output>
        </test-method> <!-- getAccountPageTitle -->
        <test-method signature="getAccountPageURL()[pri:0, instance:com.qa.opencart.test.AccountPageTest@6f03482]" started-at="2024-05-17T23:16:23 IST" name="getAccountPageURL" finished-at="2024-05-17T23:16:23 IST" duration-ms="15" status="PASS">
          <reporter-output>
          </reporter-output>
        </test-method> <!-- getAccountPageURL -->
        <test-method signature="productSearchTest(java.lang.String)[pri:0, instance:com.qa.opencart.test.AccountPageTest@6f03482]" started-at="2024-05-17T23:16:23 IST" name="productSearchTest" data-provider="getProductName" finished-at="2024-05-17T23:16:24 IST" duration-ms="790" status="PASS">
          <params>
            <param index="0">
              <value>
                <![CDATA[Macbook]]>
              </value>
            </param>
          </params>
          <reporter-output>
          </reporter-output>
        </test-method> <!-- productSearchTest -->
        <test-method signature="productSearchTest(java.lang.String)[pri:0, instance:com.qa.opencart.test.AccountPageTest@6f03482]" started-at="2024-05-17T23:16:24 IST" name="productSearchTest" data-provider="getProductName" finished-at="2024-05-17T23:16:25 IST" duration-ms="730" status="PASS">
          <params>
            <param index="0">
              <value>
                <![CDATA[imac]]>
              </value>
            </param>
          </params>
          <reporter-output>
          </reporter-output>
        </test-method> <!-- productSearchTest -->
        <test-method signature="productSearchTest(java.lang.String)[pri:0, instance:com.qa.opencart.test.AccountPageTest@6f03482]" started-at="2024-05-17T23:16:25 IST" name="productSearchTest" data-provider="getProductName" finished-at="2024-05-17T23:16:26 IST" duration-ms="614" status="PASS">
          <params>
            <param index="0">
              <value>
                <![CDATA[samsung]]>
              </value>
            </param>
          </params>
          <reporter-output>
          </reporter-output>
        </test-method> <!-- productSearchTest -->
        <test-method is-config="true" signature="tearDown()[pri:0, instance:com.qa.opencart.test.AccountPageTest@6f03482]" started-at="2024-05-17T23:16:26 IST" name="tearDown" finished-at="2024-05-17T23:16:26 IST" duration-ms="294" status="PASS">
          <reporter-output>
          </reporter-output>
        </test-method> <!-- tearDown -->
      </class> <!-- com.qa.opencart.test.AccountPageTest -->
    </test> <!-- Account Page Test -->
    <test started-at="2024-05-17T23:16:24 IST" name="ProductInfo Page Test" finished-at="2024-05-17T23:16:37 IST" duration-ms="13496">
      <class name="com.qa.opencart.test.ProductInfoPageTest">
        <test-method is-config="true" signature="setup()[pri:0, instance:com.qa.opencart.test.ProductInfoPageTest@4116aac9]" started-at="2024-05-17T23:16:24 IST" name="setup" finished-at="2024-05-17T23:16:27 IST" duration-ms="2869" status="PASS">
          <reporter-output>
          </reporter-output>
        </test-method> <!-- setup -->
        <test-method is-config="true" signature="productInfoPageSetup()[pri:0, instance:com.qa.opencart.test.ProductInfoPageTest@4116aac9]" started-at="2024-05-17T23:16:27 IST" name="productInfoPageSetup" finished-at="2024-05-17T23:16:28 IST" duration-ms="929" status="PASS">
          <reporter-output>
          </reporter-output>
        </test-method> <!-- productInfoPageSetup -->
        <test-method signature="productHeaderTest(java.lang.String,java.lang.String)[pri:0, instance:com.qa.opencart.test.ProductInfoPageTest@4116aac9]" started-at="2024-05-17T23:16:28 IST" name="productHeaderTest" data-provider="getproductTestData" finished-at="2024-05-17T23:16:29 IST" duration-ms="1486" status="PASS">
          <params>
            <param index="0">
              <value>
                <![CDATA[MacBook]]>
              </value>
            </param>
            <param index="1">
              <value>
                <![CDATA[MacBook Pro]]>
              </value>
            </param>
          </params>
          <reporter-output>
          </reporter-output>
        </test-method> <!-- productHeaderTest -->
        <test-method signature="productHeaderTest(java.lang.String,java.lang.String)[pri:0, instance:com.qa.opencart.test.ProductInfoPageTest@4116aac9]" started-at="2024-05-17T23:16:29 IST" name="productHeaderTest" data-provider="getproductTestData" finished-at="2024-05-17T23:16:31 IST" duration-ms="1424" status="PASS">
          <params>
            <param index="0">
              <value>
                <![CDATA[MacBook]]>
              </value>
            </param>
            <param index="1">
              <value>
                <![CDATA[MacBook Air]]>
              </value>
            </param>
          </params>
          <reporter-output>
          </reporter-output>
        </test-method> <!-- productHeaderTest -->
        <test-method signature="productHeaderTest(java.lang.String,java.lang.String)[pri:0, instance:com.qa.opencart.test.ProductInfoPageTest@4116aac9]" started-at="2024-05-17T23:16:31 IST" name="productHeaderTest" data-provider="getproductTestData" finished-at="2024-05-17T23:16:32 IST" duration-ms="1855" status="PASS">
          <params>
            <param index="0">
              <value>
                <![CDATA[iMac]]>
              </value>
            </param>
            <param index="1">
              <value>
                <![CDATA[iMac]]>
              </value>
            </param>
          </params>
          <reporter-output>
          </reporter-output>
        </test-method> <!-- productHeaderTest -->
        <test-method signature="productHeaderTest(java.lang.String,java.lang.String)[pri:0, instance:com.qa.opencart.test.ProductInfoPageTest@4116aac9]" started-at="2024-05-17T23:16:32 IST" name="productHeaderTest" data-provider="getproductTestData" finished-at="2024-05-17T23:16:34 IST" duration-ms="1548" status="PASS">
          <params>
            <param index="0">
              <value>
                <![CDATA[Samsung]]>
              </value>
            </param>
            <param index="1">
              <value>
                <![CDATA[Samsung SyncMaster 941BW]]>
              </value>
            </param>
          </params>
          <reporter-output>
          </reporter-output>
        </test-method> <!-- productHeaderTest -->
        <test-method signature="productHeaderTest(java.lang.String,java.lang.String)[pri:0, instance:com.qa.opencart.test.ProductInfoPageTest@4116aac9]" started-at="2024-05-17T23:16:34 IST" name="productHeaderTest" data-provider="getproductTestData" finished-at="2024-05-17T23:16:36 IST" duration-ms="1562" status="PASS">
          <params>
            <param index="0">
              <value>
                <![CDATA[Apple]]>
              </value>
            </param>
            <param index="1">
              <value>
                <![CDATA[Apple Cinema 30"]]>
              </value>
            </param>
          </params>
          <reporter-output>
          </reporter-output>
        </test-method> <!-- productHeaderTest -->
        <test-method signature="productMetaDataTest()[pri:0, instance:com.qa.opencart.test.ProductInfoPageTest@4116aac9]" started-at="2024-05-17T23:16:36 IST" name="productMetaDataTest" finished-at="2024-05-17T23:16:37 IST" duration-ms="1523" status="PASS">
          <reporter-output>
          </reporter-output>
        </test-method> <!-- productMetaDataTest -->
        <test-method is-config="true" signature="tearDown()[pri:0, instance:com.qa.opencart.test.ProductInfoPageTest@4116aac9]" started-at="2024-05-17T23:16:37 IST" name="tearDown" finished-at="2024-05-17T23:16:37 IST" duration-ms="279" status="PASS">
          <reporter-output>
          </reporter-output>
        </test-method> <!-- tearDown -->
      </class> <!-- com.qa.opencart.test.ProductInfoPageTest -->
    </test> <!-- ProductInfo Page Test -->
  </suite> <!-- Test Regression suite -->
</testng-results>
